\BOOKMARK [1][-]{section.1}{\376\377\000I\000N\000T\000R\000O\000D\000U\000C\000T\000I\000O\000N}{}% 1
\BOOKMARK [2][-]{subsection.1.1}{\376\377\000L\000i\000t\000e\000r\000a\000t\000u\000r\000e\000\040\000R\000e\000v\000i\000e\000w}{section.1}% 2
\BOOKMARK [2][-]{subsection.1.2}{\376\377\000M\000o\000t\000i\000v\000a\000t\000i\000o\000n}{section.1}% 3
\BOOKMARK [2][-]{subsection.1.3}{\376\377\000O\000u\000r\000\040\000C\000o\000n\000t\000r\000i\000b\000u\000t\000i\000o\000n}{section.1}% 4
\BOOKMARK [1][-]{section.2}{\376\377\000M\000E\000T\000H\000O\000D\000O\000L\000O\000G\000Y}{}% 5
\BOOKMARK [2][-]{subsection.2.1}{\376\377\000A\000\040\000N\000e\000w\000\040\000M\000e\000a\000s\000u\000r\000e\000\040\000o\000f\000\040\000D\000i\000s\000t\000a\000n\000c\000e}{section.2}% 6
\BOOKMARK [3][-]{subsubsection.2.1.1}{\376\377\000A\000\040\000C\000l\000a\000s\000s\000i\000f\000i\000e\000r\000\040\000B\000a\000s\000e\000d\000\040\000o\000n\000\040\000p}{subsection.2.1}% 7
\BOOKMARK [2][-]{subsection.2.2}{\376\377\000L\000i\000m\000i\000t\000a\000t\000i\000o\000n\000s\000\040\000o\000f\000\040\000U\000s\000i\000n\000g\000\040\000p}{section.2}% 8
\BOOKMARK [3][-]{subsubsection.2.2.1}{\376\377\000A\000\040\000C\000l\000a\000s\000s\000i\000f\000i\000e\000r\000\040\000B\000a\000s\000e\000d\000\040\000o\000n\000\040\000p}{subsection.2.2}% 9
\BOOKMARK [1][-]{section.3}{\376\377\000A\000S\000Y\000M\000P\000T\000O\000T\000I\000C\000\040\000P\000R\000O\000P\000E\000R\000T\000I\000E\000S}{}% 10
\BOOKMARK [2][-]{subsection.3.1}{\376\377\000A\000s\000y\000m\000p\000t\000o\000t\000i\000c\000\040\000B\000e\000h\000a\000v\000i\000o\000r\000\040\000i\000n\000\040\000H\000D\000L\000S\000S\000\040\000S\000e\000t\000t\000i\000n\000g\000s}{section.3}% 11
\BOOKMARK [3][-]{subsubsection.3.1.1}{\376\377\000A\000s\000y\000m\000p\000t\000o\000t\000i\000c\000\040\000P\000r\000o\000p\000e\000r\000t\000i\000e\000s\000\040\000o\000f\000\040\0001\000\040\000a\000n\000d\000\040\0002\000\040\000i\000n\000\040\000H\000D\000L\000S\000S\000\040\000S\000e\000t\000t\000i\000n\000g\000s}{subsection.3.1}% 12
\BOOKMARK [3][-]{subsubsection.3.1.2}{\376\377\000C\000o\000m\000p\000a\000r\000i\000s\000o\000n\000\040\000B\000e\000t\000w\000e\000e\000n\000\040\0001\000\040\000a\000n\000d\000\040\0002}{subsection.3.1}% 13
\BOOKMARK [2][-]{subsection.3.2}{\376\377\000A\000s\000y\000m\000p\000t\000o\000t\000i\000c\000\040\000P\000r\000o\000p\000e\000r\000t\000i\000e\000s\000\040\000o\000f\000\040\0001\000\040\000a\000n\000d\000\040\0002\000\040\000f\000o\000r\000\040\000I\000n\000c\000r\000e\000a\000s\000i\000n\000g\000\040\000S\000a\000m\000p\000l\000e\000\040\000S\000i\000z\000e}{section.3}% 14
\BOOKMARK [2][-]{subsection.3.3}{\376\377\000C\000o\000m\000p\000u\000t\000a\000t\000i\000o\000n\000a\000l\000\040\000C\000o\000m\000p\000l\000e\000x\000i\000t\000y}{section.3}% 15
\BOOKMARK [1][-]{section.4}{\376\377\000S\000I\000M\000U\000L\000A\000T\000I\000O\000N\000\040\000S\000T\000U\000D\000Y}{}% 16
\BOOKMARK [1][-]{section.5}{\376\377\000R\000E\000A\000L\000\040\000D\000A\000T\000A\000\040\000A\000N\000A\000L\000Y\000S\000I\000S}{}% 17
\BOOKMARK [1][-]{section.6}{\376\377\000C\000O\000N\000C\000L\000U\000D\000I\000N\000G\000\040\000R\000E\000M\000A\000R\000K\000S}{}% 18
\BOOKMARK [1][-]{appendix.A}{\376\377\000M\000A\000T\000H\000E\000M\000A\000T\000I\000C\000A\000L\000\040\000D\000E\000T\000A\000I\000L\000S\000\040\000A\000N\000D\000\040\000P\000R\000O\000O\000F\000S}{}% 19
\BOOKMARK [1][-]{appendix.B}{\376\377\000T\000A\000B\000L\000E\000S\000\040\000A\000N\000D\000\040\000A\000D\000D\000I\000T\000I\000O\000N\000A\000L\000\040\000M\000A\000T\000E\000R\000I\000A\000L}{}% 20
\BOOKMARK [2][-]{subsection.B.1}{\376\377\000D\000e\000t\000a\000i\000l\000s\000\040\000o\000n\000\040\000I\000m\000p\000l\000e\000m\000e\000n\000t\000a\000t\000i\000o\000n\000\040\000o\000f\000\040\000P\000o\000p\000u\000l\000a\000r\000\040\000C\000l\000a\000s\000s\000i\000f\000i\000e\000r\000s}{appendix.B}% 21
\BOOKMARK [2][-]{subsection.B.2}{\376\377\000C\000o\000d\000e\000s}{appendix.B}% 22
